e:\development\game\opengl\3d engine 1\winmainmaze___win32_debug\winmainmaze.bsc
e:\development\game\opengl\3d engine 1\winmainmaze___win32_debug\vc141.pdb
e:\development\game\opengl\3d engine 1\winmainmaze___win32_debug\vc141.idb
e:\development\game\opengl\3d engine 1\winmainmaze___win32_debug\g_world.sbr
e:\development\game\opengl\3d engine 1\winmainmaze___win32_debug\g_util_input.sbr
e:\development\game\opengl\3d engine 1\winmainmaze___win32_debug\g_util.sbr
e:\development\game\opengl\3d engine 1\winmainmaze___win32_debug\g_tex.sbr
e:\development\game\opengl\3d engine 1\winmainmaze___win32_debug\g_player.sbr
e:\development\game\opengl\3d engine 1\winmainmaze___win32_debug\g_particle_system.sbr
e:\development\game\opengl\3d engine 1\winmainmaze___win32_debug\g_particle.sbr
e:\development\game\opengl\3d engine 1\winmainmaze___win32_debug\g_math.sbr
e:\development\game\opengl\3d engine 1\winmainmaze___win32_debug\g_main.sbr
e:\development\game\opengl\3d engine 1\winmainmaze___win32_debug\g_load.sbr
e:\development\game\opengl\3d engine 1\winmainmaze___win32_debug\g_framerate.sbr
e:\development\game\opengl\3d engine 1\winmainmaze___win32_debug\g_enemy.sbr
e:\development\game\opengl\3d engine 1\winmainmaze___win32_debug\g_enemy.obj
e:\development\game\opengl\3d engine 1\winmainmaze___win32_debug\g_framerate.obj
e:\development\game\opengl\3d engine 1\winmainmaze___win32_debug\g_load.obj
e:\development\game\opengl\3d engine 1\winmainmaze___win32_debug\g_main.obj
e:\development\game\opengl\3d engine 1\winmainmaze___win32_debug\g_math.obj
e:\development\game\opengl\3d engine 1\winmainmaze___win32_debug\g_particle.obj
e:\development\game\opengl\3d engine 1\winmainmaze___win32_debug\g_particle_system.obj
e:\development\game\opengl\3d engine 1\winmainmaze___win32_debug\g_player.obj
e:\development\game\opengl\3d engine 1\winmainmaze___win32_debug\g_tex.obj
e:\development\game\opengl\3d engine 1\winmainmaze___win32_debug\g_util.obj
e:\development\game\opengl\3d engine 1\winmainmaze___win32_debug\g_util_input.obj
e:\development\game\opengl\3d engine 1\winmainmaze___win32_debug\g_world.obj
e:\development\game\opengl\3d engine 1\winmainmaze___win32_debug\winmainmaze.ilk
e:\development\game\opengl\3d engine 1\winmainmaze___win32_debug\winmainmaze.exe
e:\development\game\opengl\3d engine 1\winmainmaze___win32_debug\winmainmaze.pdb
e:\development\game\opengl\3d engine 1\.\winmainmaze___win32_debug\winmainmaze.exe
e:\development\game\opengl\3d engine 1\winmainmaze___win32_debug\winmainmaze.tlog\bscmake.command.1.tlog
e:\development\game\opengl\3d engine 1\winmainmaze___win32_debug\winmainmaze.tlog\bscmake.read.1.tlog
e:\development\game\opengl\3d engine 1\winmainmaze___win32_debug\winmainmaze.tlog\bscmake.write.1.tlog
e:\development\game\opengl\3d engine 1\winmainmaze___win32_debug\winmainmaze.tlog\cl.command.1.tlog
e:\development\game\opengl\3d engine 1\winmainmaze___win32_debug\winmainmaze.tlog\cl.read.1.tlog
e:\development\game\opengl\3d engine 1\winmainmaze___win32_debug\winmainmaze.tlog\cl.write.1.tlog
e:\development\game\opengl\3d engine 1\winmainmaze___win32_debug\winmainmaze.tlog\link.command.1.tlog
e:\development\game\opengl\3d engine 1\winmainmaze___win32_debug\winmainmaze.tlog\link.read.1.tlog
e:\development\game\opengl\3d engine 1\winmainmaze___win32_debug\winmainmaze.tlog\link.write.1.tlog
